{"C:\\Users\\Dominik\\Desktop\\task_c-t\\src\\mapper\\PersonalDataMapper.ts": {"path":"C:\\Users\\Dominik\\Desktop\\task_c-t\\src\\mapper\\PersonalDataMapper.ts","statementMap":{"0":{"start":{"line":9,"column":26},"end":{"line":18,"column":1}},"1":{"start":{"line":10,"column":40},"end":{"line":16,"column":null}},"2":{"start":{"line":17,"column":4},"end":{"line":17,"column":null}},"3":{"start":{"line":9,"column":13},"end":{"line":9,"column":26}}},"fnMap":{"0":{"name":"(anonymous_0)","decl":{"start":{"line":9,"column":26},"end":{"line":9,"column":27}},"loc":{"start":{"line":9,"column":40},"end":{"line":18,"column":1}}}},"branchMap":{},"s":{"0":1,"1":1,"2":1,"3":1},"f":{"0":1},"b":{}}
,"C:\\Users\\Dominik\\Desktop\\task_c-t\\src\\middleware\\idValidation.ts": {"path":"C:\\Users\\Dominik\\Desktop\\task_c-t\\src\\middleware\\idValidation.ts","statementMap":{"0":{"start":{"line":1,"column":26},"end":{"line":12,"column":1}},"1":{"start":{"line":2,"column":4},"end":{"line":11,"column":null}},"2":{"start":{"line":3,"column":19},"end":{"line":3,"column":30}},"3":{"start":{"line":4,"column":8},"end":{"line":8,"column":null}},"4":{"start":{"line":5,"column":12},"end":{"line":5,"column":null}},"5":{"start":{"line":7,"column":12},"end":{"line":7,"column":null}},"6":{"start":{"line":10,"column":8},"end":{"line":10,"column":null}},"7":{"start":{"line":1,"column":13},"end":{"line":1,"column":26}}},"fnMap":{"0":{"name":"(anonymous_0)","decl":{"start":{"line":1,"column":26},"end":{"line":1,"column":27}},"loc":{"start":{"line":1,"column":57},"end":{"line":12,"column":1}}}},"branchMap":{"0":{"loc":{"start":{"line":4,"column":8},"end":{"line":8,"column":null}},"type":"if","locations":[{"start":{"line":4,"column":8},"end":{"line":8,"column":null}},{"start":{"line":6,"column":12},"end":{"line":8,"column":null}}]},"1":{"loc":{"start":{"line":4,"column":11},"end":{"line":4,"column":38}},"type":"binary-expr","locations":[{"start":{"line":4,"column":11},"end":{"line":4,"column":14}},{"start":{"line":4,"column":18},"end":{"line":4,"column":26}},{"start":{"line":4,"column":30},"end":{"line":4,"column":38}}]}},"s":{"0":1,"1":3,"2":3,"3":3,"4":1,"5":2,"6":1,"7":1},"f":{"0":3},"b":{"0":[1,2],"1":[3,3,2]}}
,"C:\\Users\\Dominik\\Desktop\\task_c-t\\src\\routers\\GatherData.ts": {"path":"C:\\Users\\Dominik\\Desktop\\task_c-t\\src\\routers\\GatherData.ts","statementMap":{"0":{"start":{"line":1,"column":0},"end":{"line":1,"column":46}},"1":{"start":{"line":2,"column":0},"end":{"line":2,"column":19}},"2":{"start":{"line":7,"column":26},"end":{"line":28,"column":null}},"3":{"start":{"line":8,"column":4},"end":{"line":27,"column":null}},"4":{"start":{"line":9,"column":27},"end":{"line":9,"column":50}},"5":{"start":{"line":10,"column":8},"end":{"line":10,"column":null}},"6":{"start":{"line":11,"column":8},"end":{"line":11,"column":null}},"7":{"start":{"line":12,"column":8},"end":{"line":12,"column":null}},"8":{"start":{"line":14,"column":8},"end":{"line":22,"column":null}},"9":{"start":{"line":15,"column":12},"end":{"line":17,"column":null}},"10":{"start":{"line":16,"column":16},"end":{"line":16,"column":null}},"11":{"start":{"line":16,"column":24},"end":{"line":16,"column":null}},"12":{"start":{"line":19,"column":12},"end":{"line":19,"column":null}},"13":{"start":{"line":21,"column":12},"end":{"line":21,"column":null}},"14":{"start":{"line":24,"column":8},"end":{"line":24,"column":null}},"15":{"start":{"line":25,"column":8},"end":{"line":25,"column":null}},"16":{"start":{"line":26,"column":8},"end":{"line":26,"column":null}},"17":{"start":{"line":7,"column":13},"end":{"line":7,"column":26}},"18":{"start":{"line":29,"column":0},"end":{"line":29,"column":null}},"19":{"start":{"line":31,"column":0},"end":{"line":31,"column":null}}},"fnMap":{"0":{"name":"connect","decl":{"start":{"line":7,"column":41},"end":{"line":7,"column":48}},"loc":{"start":{"line":7,"column":48},"end":{"line":28,"column":null}}},"1":{"name":"(anonymous_10)","decl":{"start":{"line":14,"column":39},"end":{"line":14,"column":40}},"loc":{"start":{"line":14,"column":64},"end":{"line":22,"column":9}}},"2":{"name":"(anonymous_11)","decl":{"start":{"line":15,"column":74},"end":{"line":15,"column":75}},"loc":{"start":{"line":15,"column":82},"end":{"line":17,"column":13}}}},"branchMap":{"0":{"loc":{"start":{"line":16,"column":16},"end":{"line":16,"column":null}},"type":"if","locations":[{"start":{"line":16,"column":16},"end":{"line":16,"column":null}}]}},"s":{"0":1,"1":1,"2":1,"3":2,"4":2,"5":2,"6":2,"7":2,"8":2,"9":0,"10":0,"11":0,"12":0,"13":0,"14":0,"15":0,"16":0,"17":1,"18":1,"19":1},"f":{"0":2,"1":0,"2":0},"b":{"0":[0]}}
,"C:\\Users\\Dominik\\Desktop\\task_c-t\\src\\routers\\PersonalData.ts": {"path":"C:\\Users\\Dominik\\Desktop\\task_c-t\\src\\routers\\PersonalData.ts","statementMap":{"0":{"start":{"line":1,"column":0},"end":{"line":1,"column":25}},"1":{"start":{"line":2,"column":0},"end":{"line":2,"column":29}},"2":{"start":{"line":3,"column":13},"end":{"line":3,"column":null}},"3":{"start":{"line":4,"column":0},"end":{"line":4,"column":53}},"4":{"start":{"line":5,"column":0},"end":{"line":5,"column":55}},"5":{"start":{"line":6,"column":0},"end":{"line":6,"column":47}},"6":{"start":{"line":8,"column":0},"end":{"line":8,"column":27}},"7":{"start":{"line":15,"column":27},"end":{"line":20,"column":null}},"8":{"start":{"line":22,"column":0},"end":{"line":35,"column":null}},"9":{"start":{"line":22,"column":77},"end":{"line":35,"column":2}},"10":{"start":{"line":23,"column":27},"end":{"line":23,"column":38}},"11":{"start":{"line":24,"column":4},"end":{"line":34,"column":null}},"12":{"start":{"line":25,"column":24},"end":{"line":25,"column":101}},"13":{"start":{"line":26,"column":21},"end":{"line":26,"column":41}},"14":{"start":{"line":27,"column":8},"end":{"line":28,"column":null}},"15":{"start":{"line":28,"column":12},"end":{"line":28,"column":null}},"16":{"start":{"line":29,"column":30},"end":{"line":29,"column":46}},"17":{"start":{"line":30,"column":8},"end":{"line":30,"column":null}},"18":{"start":{"line":31,"column":8},"end":{"line":31,"column":null}},"19":{"start":{"line":33,"column":8},"end":{"line":33,"column":null}}},"fnMap":{"0":{"name":"(anonymous_8)","decl":{"start":{"line":22,"column":48},"end":{"line":22,"column":55}},"loc":{"start":{"line":22,"column":77},"end":{"line":35,"column":2}}},"1":{"name":"(anonymous_9)","decl":{"start":{"line":22,"column":77},"end":{"line":22,"column":null}},"loc":{"start":{"line":22,"column":77},"end":{"line":35,"column":1}}}},"branchMap":{"0":{"loc":{"start":{"line":27,"column":8},"end":{"line":28,"column":null}},"type":"if","locations":[{"start":{"line":27,"column":8},"end":{"line":28,"column":null}}]}},"s":{"0":1,"1":1,"2":1,"3":1,"4":1,"5":1,"6":1,"7":1,"8":1,"9":2,"10":2,"11":2,"12":2,"13":2,"14":2,"15":1,"16":1,"17":1,"18":1,"19":0},"f":{"0":2,"1":2},"b":{"0":[1]}}
,"C:\\Users\\Dominik\\Desktop\\task_c-t\\src\\routers\\Rabbitmq.ts": {"path":"C:\\Users\\Dominik\\Desktop\\task_c-t\\src\\routers\\Rabbitmq.ts","statementMap":{"0":{"start":{"line":1,"column":0},"end":{"line":1,"column":26}},"1":{"start":{"line":5,"column":0},"end":{"line":5,"column":null}},"2":{"start":{"line":7,"column":4},"end":{"line":16,"column":null}},"3":{"start":{"line":8,"column":27},"end":{"line":8,"column":50}},"4":{"start":{"line":9,"column":8},"end":{"line":9,"column":null}},"5":{"start":{"line":10,"column":8},"end":{"line":10,"column":null}},"6":{"start":{"line":11,"column":8},"end":{"line":11,"column":null}},"7":{"start":{"line":13,"column":8},"end":{"line":13,"column":null}},"8":{"start":{"line":14,"column":8},"end":{"line":14,"column":null}},"9":{"start":{"line":15,"column":8},"end":{"line":15,"column":null}},"10":{"start":{"line":21,"column":27},"end":{"line":23,"column":null}},"11":{"start":{"line":21,"column":47},"end":{"line":23,"column":null}},"12":{"start":{"line":22,"column":4},"end":{"line":22,"column":null}},"13":{"start":{"line":21,"column":13},"end":{"line":21,"column":27}}},"fnMap":{"0":{"name":"connect","decl":{"start":{"line":6,"column":15},"end":{"line":6,"column":22}},"loc":{"start":{"line":6,"column":22},"end":{"line":17,"column":null}}},"1":{"name":"(anonymous_10)","decl":{"start":{"line":21,"column":27},"end":{"line":21,"column":34}},"loc":{"start":{"line":21,"column":47},"end":{"line":23,"column":null}}},"2":{"name":"(anonymous_11)","decl":{"start":{"line":21,"column":47},"end":{"line":21,"column":null}},"loc":{"start":{"line":21,"column":47},"end":{"line":23,"column":1}}}},"branchMap":{},"s":{"0":1,"1":1,"2":1,"3":1,"4":1,"5":1,"6":1,"7":0,"8":0,"9":0,"10":1,"11":1,"12":1,"13":1},"f":{"0":1,"1":1,"2":1},"b":{}}
,"C:\\Users\\Dominik\\Desktop\\task_c-t\\src\\services\\PersonalData.ts": {"path":"C:\\Users\\Dominik\\Desktop\\task_c-t\\src\\services\\PersonalData.ts","statementMap":{"0":{"start":{"line":1,"column":0},"end":{"line":1,"column":29}},"1":{"start":{"line":2,"column":0},"end":{"line":2,"column":46}},"2":{"start":{"line":4,"column":0},"end":{"line":4,"column":27}},"3":{"start":{"line":6,"column":13},"end":{"line":6,"column":29}},"4":{"start":{"line":8,"column":12},"end":{"line":8,"column":21}},"5":{"start":{"line":10,"column":0},"end":{"line":10,"column":null}},"6":{"start":{"line":11,"column":0},"end":{"line":11,"column":null}},"7":{"start":{"line":13,"column":0},"end":{"line":15,"column":null}},"8":{"start":{"line":14,"column":4},"end":{"line":14,"column":null}},"9":{"start":{"line":17,"column":0},"end":{"line":17,"column":null}}},"fnMap":{"0":{"name":"(anonymous_1)","decl":{"start":{"line":13,"column":17},"end":{"line":13,"column":20}},"loc":{"start":{"line":13,"column":22},"end":{"line":15,"column":1}}}},"branchMap":{},"s":{"0":1,"1":1,"2":1,"3":1,"4":1,"5":1,"6":1,"7":1,"8":1,"9":1},"f":{"0":1},"b":{}}
}
