TN:
SF:src\mapper\PersonalDataMapper.ts
FN:9,(anonymous_0)
FNF:1
FNH:1
FNDA:1,(anonymous_0)
DA:9,1
DA:10,1
DA:17,1
LF:3
LH:3
BRF:0
BRH:0
end_of_record
TN:
SF:src\middleware\idValidation.ts
FN:1,(anonymous_0)
FNF:1
FNH:1
FNDA:3,(anonymous_0)
DA:1,1
DA:2,3
DA:3,3
DA:4,3
DA:5,1
DA:7,2
DA:10,1
LF:7
LH:7
BRDA:4,0,0,1
BRDA:4,0,1,2
BRDA:4,1,0,3
BRDA:4,1,1,3
BRDA:4,1,2,2
BRF:5
BRH:5
end_of_record
TN:
SF:src\routers\GatherData.ts
FN:7,connect
FN:14,(anonymous_10)
FN:15,(anonymous_11)
FNF:3
FNH:1
FNDA:2,connect
FNDA:0,(anonymous_10)
FNDA:0,(anonymous_11)
DA:1,1
DA:2,1
DA:7,1
DA:8,2
DA:9,2
DA:10,2
DA:11,2
DA:12,2
DA:14,2
DA:15,0
DA:16,0
DA:19,0
DA:21,0
DA:24,0
DA:25,0
DA:26,0
DA:29,1
DA:31,1
LF:18
LH:11
BRDA:16,0,0,0
BRF:1
BRH:0
end_of_record
TN:
SF:src\routers\PersonalData.ts
FN:22,(anonymous_8)
FN:22,(anonymous_9)
FNF:2
FNH:2
FNDA:2,(anonymous_8)
FNDA:2,(anonymous_9)
DA:1,1
DA:2,1
DA:3,1
DA:4,1
DA:5,1
DA:6,1
DA:8,1
DA:15,1
DA:22,2
DA:23,2
DA:24,2
DA:25,2
DA:26,2
DA:27,2
DA:28,1
DA:29,1
DA:30,1
DA:31,1
DA:33,0
LF:19
LH:18
BRDA:27,0,0,1
BRF:1
BRH:1
end_of_record
TN:
SF:src\routers\Rabbitmq.ts
FN:6,connect
FN:21,(anonymous_10)
FN:21,(anonymous_11)
FNF:3
FNH:3
FNDA:1,connect
FNDA:1,(anonymous_10)
FNDA:1,(anonymous_11)
DA:1,1
DA:5,1
DA:7,1
DA:8,1
DA:9,1
DA:10,1
DA:11,1
DA:13,0
DA:14,0
DA:15,0
DA:21,1
DA:22,1
LF:12
LH:9
BRF:0
BRH:0
end_of_record
TN:
SF:src\services\PersonalData.ts
FN:13,(anonymous_1)
FNF:1
FNH:1
FNDA:1,(anonymous_1)
DA:1,1
DA:2,1
DA:4,1
DA:6,1
DA:8,1
DA:10,1
DA:11,1
DA:13,1
DA:14,1
DA:17,1
LF:10
LH:10
BRF:0
BRH:0
end_of_record
